#! /c/Source/iverilog-install/bin/vvp
:ivl_version "12.0 (devel)" "(s20150603-1539-g2693dd32b)";
:ivl_delay_selection "TYPICAL";
:vpi_time_precision + 0;
:vpi_module "C:\iverilog\lib\ivl\system.vpi";
:vpi_module "C:\iverilog\lib\ivl\vhdl_sys.vpi";
:vpi_module "C:\iverilog\lib\ivl\vhdl_textio.vpi";
:vpi_module "C:\iverilog\lib\ivl\v2005_math.vpi";
:vpi_module "C:\iverilog\lib\ivl\va_math.vpi";
S_000001812314f3a0 .scope module, "Fixed_Point_Unit" "Fixed_Point_Unit" 2 3;
 .timescale 0 0;
    .port_info 0 /INPUT 1 "clk";
    .port_info 1 /INPUT 1 "reset";
    .port_info 2 /INPUT 32 "operand_1";
    .port_info 3 /INPUT 32 "operand_2";
    .port_info 4 /INPUT 2 "operation";
    .port_info 5 /OUTPUT 32 "result";
    .port_info 6 /OUTPUT 1 "ready";
P_00000181230f67f0 .param/l "FBITS" 0 2 6, +C4<00000000000000000000000000001010>;
P_00000181230f6828 .param/l "WIDTH" 0 2 5, +C4<00000000000000000000000000100000>;
v0000018123143650_0 .net "A1", 15 0, L_00000181231a4b20;  1 drivers
v0000018123143ab0_0 .net "A2", 15 0, L_00000181231a5160;  1 drivers
v0000018123143970_0 .net "B1", 15 0, L_00000181231a44e0;  1 drivers
v0000018123142cf0_0 .net "B2", 15 0, L_00000181231a4760;  1 drivers
v0000018123143010_0 .net "P1", 31 0, v0000018123142660_0;  1 drivers
v0000018123142d90_0 .net "P2", 31 0, v00000181231429d0_0;  1 drivers
v0000018123143330_0 .net "P3", 31 0, v0000018123143290_0;  1 drivers
v00000181231433d0_0 .net "P4", 31 0, v00000181231438d0_0;  1 drivers
o0000018123153358 .functor BUFZ 1, C4<z>; HiZ drive
v0000018123142c50_0 .net "clk", 0 0, o0000018123153358;  0 drivers
o0000018123153388 .functor BUFZ 32, C4<zzzzzzzzzzzzzzzzzzzzzzzzzzzzzzzz>; HiZ drive
v00000181231431f0_0 .net "operand_1", 31 0, o0000018123153388;  0 drivers
o00000181231533b8 .functor BUFZ 32, C4<zzzzzzzzzzzzzzzzzzzzzzzzzzzzzzzz>; HiZ drive
v0000018123143470_0 .net "operand_2", 31 0, o00000181231533b8;  0 drivers
o00000181231533e8 .functor BUFZ 2, C4<zz>; HiZ drive
v0000018123143b50_0 .net "operation", 1 0, o00000181231533e8;  0 drivers
v0000018123142e30_0 .var "partialProduct1", 31 0;
v0000018123143510_0 .var "partialProduct2", 31 0;
v0000018123142ed0_0 .var "partialProduct3", 31 0;
v00000181231435b0_0 .var "partialProduct4", 31 0;
v00000181231436f0_0 .var "product", 63 0;
v0000018123143790_0 .var "product_ready", 0 0;
v0000018123143830_0 .var "ready", 0 0;
o0000018123153568 .functor BUFZ 1, C4<z>; HiZ drive
v00000181231a4a80_0 .net "reset", 0 0, o0000018123153568;  0 drivers
v00000181231a57a0_0 .var "result", 31 0;
v00000181231a4da0_0 .var "root", 31 0;
v00000181231a4120_0 .var "root_ready", 0 0;
E_0000018123139f20/0 .event anyedge, v0000018123142660_0, v00000181231429d0_0, v0000018123143290_0, v0000018123142e30_0;
E_0000018123139f20/1 .event anyedge, v0000018123143510_0, v0000018123142ed0_0, v00000181231435b0_0;
E_0000018123139f20 .event/or E_0000018123139f20/0, E_0000018123139f20/1;
E_0000018123139060 .event posedge, v00000181231a4a80_0;
E_0000018123139760/0 .event anyedge, v0000018123143b50_0, v00000181231431f0_0, v0000018123143470_0, v00000181231436f0_0;
E_0000018123139760/1 .event anyedge, v0000018123143790_0, v00000181231a4da0_0, v00000181231a4120_0;
E_0000018123139760 .event/or E_0000018123139760/0, E_0000018123139760/1;
L_00000181231a4b20 .part o0000018123153388, 0, 16;
L_00000181231a5160 .part o0000018123153388, 16, 16;
L_00000181231a44e0 .part o00000181231533b8, 0, 16;
L_00000181231a4760 .part o00000181231533b8, 16, 16;
S_000001812314f530 .scope module, "multiplier1" "Multiplier" 2 65, 2 107 0, S_000001812314f3a0;
 .timescale 0 0;
    .port_info 0 /INPUT 16 "operand_1";
    .port_info 1 /INPUT 16 "operand_2";
    .port_info 2 /OUTPUT 32 "product";
v00000181230f6a10_0 .net "operand_1", 15 0, L_00000181231a4b20;  alias, 1 drivers
v00000181230f64f0_0 .net "operand_2", 15 0, L_00000181231a44e0;  alias, 1 drivers
v0000018123142660_0 .var "product", 31 0;
E_0000018123139d20 .event anyedge, v00000181230f6a10_0, v00000181230f64f0_0;
S_0000018123142700 .scope module, "multiplier2" "Multiplier" 2 72, 2 107 0, S_000001812314f3a0;
 .timescale 0 0;
    .port_info 0 /INPUT 16 "operand_1";
    .port_info 1 /INPUT 16 "operand_2";
    .port_info 2 /OUTPUT 32 "product";
v0000018123142890_0 .net "operand_1", 15 0, L_00000181231a4b20;  alias, 1 drivers
v0000018123142930_0 .net "operand_2", 15 0, L_00000181231a4760;  alias, 1 drivers
v00000181231429d0_0 .var "product", 31 0;
E_0000018123139160 .event anyedge, v00000181230f6a10_0, v0000018123142930_0;
S_0000018123142a70 .scope module, "multiplier3" "Multiplier" 2 79, 2 107 0, S_000001812314f3a0;
 .timescale 0 0;
    .port_info 0 /INPUT 16 "operand_1";
    .port_info 1 /INPUT 16 "operand_2";
    .port_info 2 /OUTPUT 32 "product";
v0000018123143150_0 .net "operand_1", 15 0, L_00000181231a5160;  alias, 1 drivers
v0000018123143a10_0 .net "operand_2", 15 0, L_00000181231a44e0;  alias, 1 drivers
v0000018123143290_0 .var "product", 31 0;
E_00000181231391a0 .event anyedge, v0000018123143150_0, v00000181230f64f0_0;
S_0000018123143c10 .scope module, "multiplier4" "Multiplier" 2 86, 2 107 0, S_000001812314f3a0;
 .timescale 0 0;
    .port_info 0 /INPUT 16 "operand_1";
    .port_info 1 /INPUT 16 "operand_2";
    .port_info 2 /OUTPUT 32 "product";
v00000181231430b0_0 .net "operand_1", 15 0, L_00000181231a5160;  alias, 1 drivers
v0000018123142f70_0 .net "operand_2", 15 0, L_00000181231a4760;  alias, 1 drivers
v00000181231438d0_0 .var "product", 31 0;
E_0000018123139420 .event anyedge, v0000018123143150_0, v0000018123142930_0;
    .scope S_000001812314f530;
T_0 ;
    %wait E_0000018123139d20;
    %load/vec4 v00000181230f6a10_0;
    %pad/u 32;
    %load/vec4 v00000181230f64f0_0;
    %pad/u 32;
    %mul;
    %assign/vec4 v0000018123142660_0, 0;
    %jmp T_0;
    .thread T_0, $push;
    .scope S_0000018123142700;
T_1 ;
    %wait E_0000018123139160;
    %load/vec4 v0000018123142890_0;
    %pad/u 32;
    %load/vec4 v0000018123142930_0;
    %pad/u 32;
    %mul;
    %assign/vec4 v00000181231429d0_0, 0;
    %jmp T_1;
    .thread T_1, $push;
    .scope S_0000018123142a70;
T_2 ;
    %wait E_00000181231391a0;
    %load/vec4 v0000018123143150_0;
    %pad/u 32;
    %load/vec4 v0000018123143a10_0;
    %pad/u 32;
    %mul;
    %assign/vec4 v0000018123143290_0, 0;
    %jmp T_2;
    .thread T_2, $push;
    .scope S_0000018123143c10;
T_3 ;
    %wait E_0000018123139420;
    %load/vec4 v00000181231430b0_0;
    %pad/u 32;
    %load/vec4 v0000018123142f70_0;
    %pad/u 32;
    %mul;
    %assign/vec4 v00000181231438d0_0, 0;
    %jmp T_3;
    .thread T_3, $push;
    .scope S_000001812314f3a0;
T_4 ;
    %wait E_0000018123139760;
    %load/vec4 v0000018123143b50_0;
    %dup/vec4;
    %pushi/vec4 0, 0, 2;
    %cmp/u;
    %jmp/1 T_4.0, 6;
    %dup/vec4;
    %pushi/vec4 1, 0, 2;
    %cmp/u;
    %jmp/1 T_4.1, 6;
    %dup/vec4;
    %pushi/vec4 2, 0, 2;
    %cmp/u;
    %jmp/1 T_4.2, 6;
    %dup/vec4;
    %pushi/vec4 3, 0, 2;
    %cmp/u;
    %jmp/1 T_4.3, 6;
    %pushi/vec4 0, 4294967295, 32;
    %assign/vec4 v00000181231a57a0_0, 0;
    %pushi/vec4 0, 0, 1;
    %assign/vec4 v0000018123143830_0, 0;
    %jmp T_4.5;
T_4.0 ;
    %load/vec4 v00000181231431f0_0;
    %load/vec4 v0000018123143470_0;
    %add;
    %assign/vec4 v00000181231a57a0_0, 0;
    %pushi/vec4 1, 0, 1;
    %assign/vec4 v0000018123143830_0, 0;
    %jmp T_4.5;
T_4.1 ;
    %load/vec4 v00000181231431f0_0;
    %load/vec4 v0000018123143470_0;
    %sub;
    %assign/vec4 v00000181231a57a0_0, 0;
    %pushi/vec4 1, 0, 1;
    %assign/vec4 v0000018123143830_0, 0;
    %jmp T_4.5;
T_4.2 ;
    %load/vec4 v00000181231436f0_0;
    %parti/s 32, 10, 5;
    %assign/vec4 v00000181231a57a0_0, 0;
    %load/vec4 v0000018123143790_0;
    %assign/vec4 v0000018123143830_0, 0;
    %jmp T_4.5;
T_4.3 ;
    %load/vec4 v00000181231a4da0_0;
    %assign/vec4 v00000181231a57a0_0, 0;
    %load/vec4 v00000181231a4120_0;
    %assign/vec4 v0000018123143830_0, 0;
    %jmp T_4.5;
T_4.5 ;
    %pop/vec4 1;
    %jmp T_4;
    .thread T_4, $push;
    .scope S_000001812314f3a0;
T_5 ;
    %wait E_0000018123139060;
    %load/vec4 v00000181231a4a80_0;
    %flag_set/vec4 8;
    %jmp/0xz  T_5.0, 8;
    %pushi/vec4 0, 0, 1;
    %store/vec4 v0000018123143830_0, 0, 1;
    %jmp T_5.1;
T_5.0 ;
    %pushi/vec4 0, 1, 1;
    %store/vec4 v0000018123143830_0, 0, 1;
T_5.1 ;
    %jmp T_5;
    .thread T_5;
    .scope S_000001812314f3a0;
T_6 ;
    %wait E_0000018123139f20;
    %load/vec4 v0000018123143010_0;
    %store/vec4 v0000018123142e30_0, 0, 32;
    %load/vec4 v0000018123142d90_0;
    %ix/load 4, 16, 0;
    %flag_set/imm 4, 0;
    %shiftl 4;
    %store/vec4 v0000018123143510_0, 0, 32;
    %load/vec4 v0000018123143330_0;
    %ix/load 4, 16, 0;
    %flag_set/imm 4, 0;
    %shiftl 4;
    %store/vec4 v0000018123142ed0_0, 0, 32;
    %pushi/vec4 0, 0, 32;
    %store/vec4 v00000181231435b0_0, 0, 32;
    %load/vec4 v0000018123142e30_0;
    %pad/u 64;
    %load/vec4 v0000018123143510_0;
    %pad/u 64;
    %add;
    %load/vec4 v0000018123142ed0_0;
    %pad/u 64;
    %add;
    %load/vec4 v00000181231435b0_0;
    %pad/u 64;
    %add;
    %store/vec4 v00000181231436f0_0, 0, 64;
    %pushi/vec4 1, 0, 1;
    %store/vec4 v0000018123143790_0, 0, 1;
    %jmp T_6;
    .thread T_6, $push;
# The file index is used to find the file name in the following table.
:file_names 3;
    "N/A";
    "<interactive>";
    "Fixed_Point_Unit.v";